#
# A fatal error has been detected by the Java Runtime Environment:
#
#  Internal Error (javaClasses.cpp:136), pid=7212, tid=3676
#  fatal error: Invalid layout of preloaded class
#
# JRE version:  (7.0_45-b18) (build )
# Java VM: Java HotSpot(TM) Client VM (24.45-b08 mixed mode windows-x86 )
# Failed to write core dump. Minidumps are not enabled by default on client versions of Windows
#
# If you would like to submit a bug report, please visit:
#   http://bugreport.sun.com/bugreport/crash.jsp
#

---------------  T H R E A D  ---------------

Current thread (0x0167c400):  JavaThread "Unknown thread" [_thread_in_vm, id=3676, stack(0x01700000,0x01750000)]

Stack: [0x01700000,0x01750000],  sp=0x0174f698,  free space=317k
Native frames: (J=compiled Java code, j=interpreted, Vv=VM code, C=native code)
V  [jvm.dll+0x18df51]
V  [jvm.dll+0x187cc6]
V  [jvm.dll+0x3586a]
V  [jvm.dll+0x358f6]
V  [jvm.dll+0x4400d]
V  [jvm.dll+0x442be]
V  [jvm.dll+0x9263a]
V  [jvm.dll+0x929eb]
V  [jvm.dll+0x13daf1]
V  [jvm.dll+0x1605fc]
V  [jvm.dll+0xc8ebf]
C  [javaw.exe+0x13ce]
C  [javaw.exe+0x1e40]
C  [javaw.exe+0xa5b1]
C  [javaw.exe+0xa63b]
C  [kernel32.dll+0x4ed5c]
C  [ntdll.dll+0x637eb]
C  [ntdll.dll+0x637be]


---------------  P R O C E S S  ---------------

Java Threads: ( => current thread )

Other Threads:

=>0x0167c400 (exited) JavaThread "Unknown thread" [_thread_in_vm, id=3676, stack(0x01700000,0x01750000)]

VM state:not at safepoint (not fully initialized)

VM Mutex/Monitor currently owned by a thread: None

GC Heap History (0 events):
No events

Deoptimization events (0 events):
No events

Internal exceptions (0 events):
No events

Events (10 events):
Event: 0.271 loading class 0x0048bee8 done
Event: 0.272 loading class 0x0048b978 done
Event: 0.272 loading class 0x0048b958
Event: 0.272 loading class 0x00492c80
Event: 0.272 loading class 0x00492c80 done
Event: 0.272 loading class 0x00492cb0
Event: 0.273 loading class 0x00492cb0 done
Event: 0.273 loading class 0x00492ce0
Event: 0.273 loading class 0x00492ce0 done
Event: 0.273 loading class 0x0048b958 done


Dynamic libraries:
0x008b0000 - 0x008df000 	C:\Program Files\Java\jre7\bin\javaw.exe
0x76f40000 - 0x7707c000 	C:\Windows\SYSTEM32\ntdll.dll
0x76e60000 - 0x76f34000 	C:\Windows\system32\kernel32.dll
0x751a0000 - 0x751eb000 	C:\Windows\system32\KERNELBASE.dll
0x75810000 - 0x758b0000 	C:\Windows\system32\ADVAPI32.dll
0x770b0000 - 0x7715c000 	C:\Windows\system32\msvcrt.dll
0x753e0000 - 0x753f9000 	C:\Windows\SYSTEM32\sechost.dll
0x76db0000 - 0x76e52000 	C:\Windows\system32\RPCRT4.dll
0x755c0000 - 0x75689000 	C:\Windows\system32\USER32.dll
0x754e0000 - 0x7552e000 	C:\Windows\system32\GDI32.dll
0x77080000 - 0x7708a000 	C:\Windows\system32\LPK.dll
0x75400000 - 0x7549d000 	C:\Windows\system32\USP10.dll
0x73e00000 - 0x73f9e000 	C:\Windows\WinSxS\x86_microsoft.windows.common-controls_6595b64144ccf1df_6.0.7601.17514_none_41e6975e2bd6f2b2\COMCTL32.dll
0x75780000 - 0x757d7000 	C:\Windows\system32\SHLWAPI.dll
0x75690000 - 0x756af000 	C:\Windows\system32\IMM32.DLL
0x756b0000 - 0x7577c000 	C:\Windows\system32\MSCTF.dll
0x64cc0000 - 0x64d7f000 	C:\Program Files\Java\jre7\bin\msvcr100.dll
0x525d0000 - 0x52950000 	C:\Program Files\Java\jre7\bin\client\jvm.dll
0x70c80000 - 0x70c87000 	C:\Windows\system32\WSOCK32.dll
0x754a0000 - 0x754d5000 	C:\Windows\system32\WS2_32.dll
0x77090000 - 0x77096000 	C:\Windows\system32\NSI.dll
0x728d0000 - 0x72902000 	C:\Windows\system32\WINMM.dll
0x77160000 - 0x77165000 	C:\Windows\system32\PSAPI.DLL
0x73280000 - 0x7328c000 	C:\Program Files\Java\jre7\bin\verify.dll
0x6df70000 - 0x6df90000 	C:\Program Files\Java\jre7\bin\java.dll
0x6ed50000 - 0x6ed63000 	C:\Program Files\Java\jre7\bin\zip.dll
0x720e0000 - 0x721cb000 	C:\Windows\system32\dbghelp.dll

VM Arguments:
jvm_args: -Dfile.encoding=Cp1255 -Xbootclasspath:D:\Android Eclipse\sdk\platforms\android-18\android.jar 
java_command: com.technion.coolie.ug.HTMLParser
Launcher Type: SUN_STANDARD

Environment Variables:
JAVA_HOME=C:\Program Files\Java\jdk1.7.0_03
PATH=C:/Program Files/Java/jre7/bin/client;C:/Program Files/Java/jre7/bin;C:/Program Files/Java/jre7/lib/i386;C:\Program Files\PostgreSQL\8.2\bin;C:\MinGW\bin;C:\Windows\system32;C:\Windows;C:\Windows\System32\Wbem;C:\Windows\System32\WindowsPowerShell\v1.0\;C:\Program Files\Git\cmd;C:\Python33;C:\Program Files\Java\jdk1.7.0_03;C:\ant\bin;D:\adt-bundle-windows-x86\sdk\tools;D:\adt-bundle-windows-x86\sdk\platform-tools;C:\Program Files\Microsoft\Web Platform Installer\;C:\Program Files\Microsoft ASP.NET\ASP.NET Web Pages\v1.0\;C:\Program Files\Windows Kits\8.0\Windows Performance Toolkit\;C:\Program Files\Microsoft SQL Server\110\Tools\Binn\;C:\Program Files\MATLAB\R2012a\runtime\win32;C:\Program Files\MATLAB\R2012a\bin;C:\Program Files\TortoiseGit\bin;C:\Users\Amir\Technion programs;C:\Users\Amir\Technion programs\SSH;D:\GAE python\;D:\eclipse;
USERNAME=Amir
OS=Windows_NT
PROCESSOR_IDENTIFIER=x86 Family 6 Model 23 Stepping 6, GenuineIntel



---------------  S Y S T E M  ---------------

OS: Windows 7 Build 7601 Service Pack 1

CPU:total 2 (2 cores per cpu, 1 threads per core) family 6 model 23 stepping 6, cmov, cx8, fxsr, mmx, sse, sse2, sse3, ssse3, sse4.1, tsc

Memory: 4k page, physical 2047900k(240220k free), swap 4095800k(1115904k free)

vm_info: Java HotSpot(TM) Client VM (24.45-b08) for windows-x86 JRE (1.7.0_45-b18), built on Oct  8 2013 06:02:43 by "java_re" with unknown MS VC++:1600

time: Mon Dec 16 22:05:52 2013
elapsed time: 0 seconds

